Performing C SOURCE FILE Test CMAKE_HAVE_LIBC_PTHREAD failed with the following output:
Change Dir: /home/changqi/ORAM/CryptoSchemesLab/RandomizedEncryption/ELGAMAL/C++_implementation/final_class/build/CMakeFiles/CMakeTmp

Run Build Command(s):/usr/bin/gmake -f Makefile cmTC_f1f01/fast && /usr/bin/gmake  -f CMakeFiles/cmTC_f1f01.dir/build.make CMakeFiles/cmTC_f1f01.dir/build
gmake[1]: Entering directory '/home/changqi/ORAM/CryptoSchemesLab/RandomizedEncryption/ELGAMAL/C++_implementation/final_class/build/CMakeFiles/CMakeTmp'
Building C object CMakeFiles/cmTC_f1f01.dir/src.c.o
/usr/bin/cc -DCMAKE_HAVE_LIBC_PTHREAD   -o CMakeFiles/cmTC_f1f01.dir/src.c.o -c /home/changqi/ORAM/CryptoSchemesLab/RandomizedEncryption/ELGAMAL/C++_implementation/final_class/build/CMakeFiles/CMakeTmp/src.c
Linking C executable cmTC_f1f01
/usr/bin/cmake -E cmake_link_script CMakeFiles/cmTC_f1f01.dir/link.txt --verbose=1
/usr/bin/cc CMakeFiles/cmTC_f1f01.dir/src.c.o -o cmTC_f1f01 
CMakeFiles/cmTC_f1f01.dir/src.c.o: In function `main':
src.c:(.text+0x2d): undefined reference to `pthread_create'
src.c:(.text+0x39): undefined reference to `pthread_detach'
src.c:(.text+0x45): undefined reference to `pthread_cancel'
src.c:(.text+0x56): undefined reference to `pthread_join'
collect2: error: ld returned 1 exit status
gmake[1]: *** [CMakeFiles/cmTC_f1f01.dir/build.make:99: cmTC_f1f01] Error 1
gmake[1]: Leaving directory '/home/changqi/ORAM/CryptoSchemesLab/RandomizedEncryption/ELGAMAL/C++_implementation/final_class/build/CMakeFiles/CMakeTmp'
gmake: *** [Makefile:127: cmTC_f1f01/fast] Error 2


Source file was:
#include <pthread.h>

static void* test_func(void* data)
{
  return data;
}

int main(void)
{
  pthread_t thread;
  pthread_create(&thread, NULL, test_func, NULL);
  pthread_detach(thread);
  pthread_cancel(thread);
  pthread_join(thread, NULL);
  pthread_atfork(NULL, NULL, NULL);
  pthread_exit(NULL);

  return 0;
}

Determining if the function pthread_create exists in the pthreads failed with the following output:
Change Dir: /home/changqi/ORAM/CryptoSchemesLab/RandomizedEncryption/ELGAMAL/C++_implementation/final_class/build/CMakeFiles/CMakeTmp

Run Build Command(s):/usr/bin/gmake -f Makefile cmTC_1b86e/fast && /usr/bin/gmake  -f CMakeFiles/cmTC_1b86e.dir/build.make CMakeFiles/cmTC_1b86e.dir/build
gmake[1]: Entering directory '/home/changqi/ORAM/CryptoSchemesLab/RandomizedEncryption/ELGAMAL/C++_implementation/final_class/build/CMakeFiles/CMakeTmp'
Building C object CMakeFiles/cmTC_1b86e.dir/CheckFunctionExists.c.o
/usr/bin/cc   -DCHECK_FUNCTION_EXISTS=pthread_create -o CMakeFiles/cmTC_1b86e.dir/CheckFunctionExists.c.o -c /usr/share/cmake/Modules/CheckFunctionExists.c
Linking C executable cmTC_1b86e
/usr/bin/cmake -E cmake_link_script CMakeFiles/cmTC_1b86e.dir/link.txt --verbose=1
/usr/bin/cc  -DCHECK_FUNCTION_EXISTS=pthread_create CMakeFiles/cmTC_1b86e.dir/CheckFunctionExists.c.o -o cmTC_1b86e  -lpthreads 
/usr/bin/ld: cannot find -lpthreads
collect2: error: ld returned 1 exit status
gmake[1]: *** [CMakeFiles/cmTC_1b86e.dir/build.make:99: cmTC_1b86e] Error 1
gmake[1]: Leaving directory '/home/changqi/ORAM/CryptoSchemesLab/RandomizedEncryption/ELGAMAL/C++_implementation/final_class/build/CMakeFiles/CMakeTmp'
gmake: *** [Makefile:127: cmTC_1b86e/fast] Error 2



